Running main() from /tmp/tmp_ch2rqbg/student/tests/lib/googletest/src/gtest_main.cc
[==========] Running 12 tests from 3 test suites.
[----------] Global test environment set-up.
[----------] 4 tests from RectangleTester
[ RUN      ] RectangleTester.constructorOfRectangleStartingInBeginningOfSystemCoordinate
[       OK ] RectangleTester.constructorOfRectangleStartingInBeginningOfSystemCoordinate (0 ms)
[ RUN      ] RectangleTester.isInMethodOfRectangleStartingInBeginningOfCoordinateSystem
[       OK ] RectangleTester.isInMethodOfRectangleStartingInBeginningOfCoordinateSystem (0 ms)
[ RUN      ] RectangleTester.isInMethodOfRectangleStartingNotInBeginningOfCoordinateSystem
[       OK ] RectangleTester.isInMethodOfRectangleStartingNotInBeginningOfCoordinateSystem (0 ms)
[ RUN      ] RectangleTester.constructorOfRectangleWithBothSitesEqualToZero
[       OK ] RectangleTester.constructorOfRectangleWithBothSitesEqualToZero (0 ms)
[----------] 4 tests from RectangleTester (0 ms total)

[----------] 4 tests from CircleTester
[ RUN      ] CircleTester.constructorOfCircleStartingInBeginningOfCoordinateSystem
[       OK ] CircleTester.constructorOfCircleStartingInBeginningOfCoordinateSystem (0 ms)
[ RUN      ] CircleTester.isInMethodOfCircleStartingInBeginningOfCoordinateSystem
[       OK ] CircleTester.isInMethodOfCircleStartingInBeginningOfCoordinateSystem (0 ms)
[ RUN      ] CircleTester.isInMethodOfCircleStartingNotInBeginningOfCoordinateSystem
[       OK ] CircleTester.isInMethodOfCircleStartingNotInBeginningOfCoordinateSystem (0 ms)
[ RUN      ] CircleTester.constructorOfCircleWithRadiusEqualToZero
[       OK ] CircleTester.constructorOfCircleWithRadiusEqualToZero (0 ms)
[----------] 4 tests from CircleTester (0 ms total)

[----------] 4 tests from ShapeCompositeTester
[ RUN      ] ShapeCompositeTester.sumOfSqhareAndCircle
[       OK ] ShapeCompositeTester.sumOfSqhareAndCircle (0 ms)
[ RUN      ] ShapeCompositeTester.intersectionOfSqhareAndCircle
[       OK ] ShapeCompositeTester.intersectionOfSqhareAndCircle (0 ms)
[ RUN      ] ShapeCompositeTester.differenceOfSqhareAndCircle
[       OK ] ShapeCompositeTester.differenceOfSqhareAndCircle (0 ms)
[ RUN      ] ShapeCompositeTester.drawingHouse
[       OK ] ShapeCompositeTester.drawingHouse (0 ms)
[----------] 4 tests from ShapeCompositeTester (0 ms total)

[----------] Global test environment tear-down
[==========] 12 tests from 3 test suites ran. (0 ms total)
[  PASSED  ] 12 tests.
