{
  "tests": 12,
  "failures": 0,
  "disabled": 0,
  "errors": 0,
  "timestamp": "2024-04-29T08:37:22Z",
  "time": "0s",
  "name": "AllTests",
  "testsuites": [
    {
      "name": "RectangleTester",
      "tests": 4,
      "failures": 0,
      "disabled": 0,
      "errors": 0,
      "timestamp": "2024-04-29T08:37:22Z",
      "time": "0s",
      "testsuite": [
        {
          "name": "constructorOfRectangleStartingInBeginningOfSystemCoordinate",
          "file": "\/tmp\/tmp_ch2rqbg\/student\/tests\/shapesTests.cpp",
          "line": 80,
          "status": "RUN",
          "result": "COMPLETED",
          "timestamp": "2024-04-29T08:37:22Z",
          "time": "0s",
          "classname": "RectangleTester"
        },
        {
          "name": "isInMethodOfRectangleStartingInBeginningOfCoordinateSystem",
          "file": "\/tmp\/tmp_ch2rqbg\/student\/tests\/shapesTests.cpp",
          "line": 95,
          "status": "RUN",
          "result": "COMPLETED",
          "timestamp": "2024-04-29T08:37:22Z",
          "time": "0s",
          "classname": "RectangleTester"
        },
        {
          "name": "isInMethodOfRectangleStartingNotInBeginningOfCoordinateSystem",
          "file": "\/tmp\/tmp_ch2rqbg\/student\/tests\/shapesTests.cpp",
          "line": 114,
          "status": "RUN",
          "result": "COMPLETED",
          "timestamp": "2024-04-29T08:37:22Z",
          "time": "0s",
          "classname": "RectangleTester"
        },
        {
          "name": "constructorOfRectangleWithBothSitesEqualToZero",
          "file": "\/tmp\/tmp_ch2rqbg\/student\/tests\/shapesTests.cpp",
          "line": 133,
          "status": "RUN",
          "result": "COMPLETED",
          "timestamp": "2024-04-29T08:37:22Z",
          "time": "0s",
          "classname": "RectangleTester"
        }
      ]
    },
    {
      "name": "CircleTester",
      "tests": 4,
      "failures": 0,
      "disabled": 0,
      "errors": 0,
      "timestamp": "2024-04-29T08:37:22Z",
      "time": "0s",
      "testsuite": [
        {
          "name": "constructorOfCircleStartingInBeginningOfCoordinateSystem",
          "file": "\/tmp\/tmp_ch2rqbg\/student\/tests\/shapesTests.cpp",
          "line": 148,
          "status": "RUN",
          "result": "COMPLETED",
          "timestamp": "2024-04-29T08:37:22Z",
          "time": "0s",
          "classname": "CircleTester"
        },
        {
          "name": "isInMethodOfCircleStartingInBeginningOfCoordinateSystem",
          "file": "\/tmp\/tmp_ch2rqbg\/student\/tests\/shapesTests.cpp",
          "line": 178,
          "status": "RUN",
          "result": "COMPLETED",
          "timestamp": "2024-04-29T08:37:22Z",
          "time": "0s",
          "classname": "CircleTester"
        },
        {
          "name": "isInMethodOfCircleStartingNotInBeginningOfCoordinateSystem",
          "file": "\/tmp\/tmp_ch2rqbg\/student\/tests\/shapesTests.cpp",
          "line": 215,
          "status": "RUN",
          "result": "COMPLETED",
          "timestamp": "2024-04-29T08:37:22Z",
          "time": "0s",
          "classname": "CircleTester"
        },
        {
          "name": "constructorOfCircleWithRadiusEqualToZero",
          "file": "\/tmp\/tmp_ch2rqbg\/student\/tests\/shapesTests.cpp",
          "line": 247,
          "status": "RUN",
          "result": "COMPLETED",
          "timestamp": "2024-04-29T08:37:22Z",
          "time": "0s",
          "classname": "CircleTester"
        }
      ]
    },
    {
      "name": "ShapeCompositeTester",
      "tests": 4,
      "failures": 0,
      "disabled": 0,
      "errors": 0,
      "timestamp": "2024-04-29T08:37:22Z",
      "time": "0s",
      "testsuite": [
        {
          "name": "sumOfSqhareAndCircle",
          "file": "\/tmp\/tmp_ch2rqbg\/student\/tests\/shapesTests.cpp",
          "line": 263,
          "status": "RUN",
          "result": "COMPLETED",
          "timestamp": "2024-04-29T08:37:22Z",
          "time": "0s",
          "classname": "ShapeCompositeTester"
        },
        {
          "name": "intersectionOfSqhareAndCircle",
          "file": "\/tmp\/tmp_ch2rqbg\/student\/tests\/shapesTests.cpp",
          "line": 323,
          "status": "RUN",
          "result": "COMPLETED",
          "timestamp": "2024-04-29T08:37:22Z",
          "time": "0s",
          "classname": "ShapeCompositeTester"
        },
        {
          "name": "differenceOfSqhareAndCircle",
          "file": "\/tmp\/tmp_ch2rqbg\/student\/tests\/shapesTests.cpp",
          "line": 380,
          "status": "RUN",
          "result": "COMPLETED",
          "timestamp": "2024-04-29T08:37:22Z",
          "time": "0s",
          "classname": "ShapeCompositeTester"
        },
        {
          "name": "drawingHouse",
          "file": "\/tmp\/tmp_ch2rqbg\/student\/tests\/shapesTests.cpp",
          "line": 435,
          "status": "RUN",
          "result": "COMPLETED",
          "timestamp": "2024-04-29T08:37:22Z",
          "time": "0s",
          "classname": "ShapeCompositeTester"
        }
      ]
    }
  ]
}
