==174== Memcheck, a memory error detector
==174== Copyright (C) 2002-2017, and GNU GPL'd, by Julian Seward et al.
==174== Using Valgrind-3.18.1 and LibVEX; rerun with -h for copyright info
==174== Command: /tmp/tmp_ch2rqbg/student/build//bin/tests
==174== 
Running main() from /tmp/tmp_ch2rqbg/student/tests/lib/googletest/src/gtest_main.cc
[==========] Running 12 tests from 3 test suites.
[----------] Global test environment set-up.
[----------] 4 tests from RectangleTester
[ RUN      ] RectangleTester.constructorOfRectangleStartingInBeginningOfSystemCoordinate
[       OK ] RectangleTester.constructorOfRectangleStartingInBeginningOfSystemCoordinate (22 ms)
[ RUN      ] RectangleTester.isInMethodOfRectangleStartingInBeginningOfCoordinateSystem
[       OK ] RectangleTester.isInMethodOfRectangleStartingInBeginningOfCoordinateSystem (6 ms)
[ RUN      ] RectangleTester.isInMethodOfRectangleStartingNotInBeginningOfCoordinateSystem
[       OK ] RectangleTester.isInMethodOfRectangleStartingNotInBeginningOfCoordinateSystem (5 ms)
[ RUN      ] RectangleTester.constructorOfRectangleWithBothSitesEqualToZero
[       OK ] RectangleTester.constructorOfRectangleWithBothSitesEqualToZero (3 ms)
[----------] 4 tests from RectangleTester (49 ms total)

[----------] 4 tests from CircleTester
[ RUN      ] CircleTester.constructorOfCircleStartingInBeginningOfCoordinateSystem
[       OK ] CircleTester.constructorOfCircleStartingInBeginningOfCoordinateSystem (4 ms)
[ RUN      ] CircleTester.isInMethodOfCircleStartingInBeginningOfCoordinateSystem
[       OK ] CircleTester.isInMethodOfCircleStartingInBeginningOfCoordinateSystem (7 ms)
[ RUN      ] CircleTester.isInMethodOfCircleStartingNotInBeginningOfCoordinateSystem
[       OK ] CircleTester.isInMethodOfCircleStartingNotInBeginningOfCoordinateSystem (6 ms)
[ RUN      ] CircleTester.constructorOfCircleWithRadiusEqualToZero
[       OK ] CircleTester.constructorOfCircleWithRadiusEqualToZero (4 ms)
[----------] 4 tests from CircleTester (24 ms total)

[----------] 4 tests from ShapeCompositeTester
[ RUN      ] ShapeCompositeTester.sumOfSqhareAndCircle
[       OK ] ShapeCompositeTester.sumOfSqhareAndCircle (16 ms)
[ RUN      ] ShapeCompositeTester.intersectionOfSqhareAndCircle
[       OK ] ShapeCompositeTester.intersectionOfSqhareAndCircle (5 ms)
[ RUN      ] ShapeCompositeTester.differenceOfSqhareAndCircle
[       OK ] ShapeCompositeTester.differenceOfSqhareAndCircle (5 ms)
[ RUN      ] ShapeCompositeTester.drawingHouse
[       OK ] ShapeCompositeTester.drawingHouse (12 ms)
[----------] 4 tests from ShapeCompositeTester (42 ms total)

[----------] Global test environment tear-down
[==========] 12 tests from 3 test suites ran. (173 ms total)
[  PASSED  ] 12 tests.
==174== 
==174== HEAP SUMMARY:
==174==     in use at exit: 0 bytes in 0 blocks
==174==   total heap usage: 431 allocs, 431 frees, 137,367 bytes allocated
==174== 
==174== All heap blocks were freed -- no leaks are possible
==174== 
==174== For lists of detected and suppressed errors, rerun with: -s
==174== ERROR SUMMARY: 0 errors from 0 contexts (suppressed: 0 from 0)
