/tmp/tmpye9r5pc4/student/mystring.cpp:6:5: warning: Variable 'strtext' is assigned in constructor body. Consider performing initialization in initialization list. [useInitializationList]
    strtext = std::string();
    ^
/tmp/tmpye9r5pc4/student/mystring.cpp:20:5: warning: Variable 'strtext' is assigned in constructor body. Consider performing initialization in initialization list. [useInitializationList]
    strtext = text;
    ^
/tmp/tmpye9r5pc4/student/mystring.h:23:5: warning: Class 'MyString' has a constructor with 1 argument that is not explicit. [noExplicitConstructor]
    MyString(const char text[]);
    ^
/tmp/tmpye9r5pc4/student/mystring.cpp:181:10: warning: Local variable 'end' shadows outer function [shadowFunction]
    auto end = std::find_if_not(strtext.rbegin(), strtext.rend(),
         ^
/tmp/tmpye9r5pc4/student/mystring.h:35:47: note: Shadowed declaration
    [[nodiscard]] std::string::const_iterator end() const;
                                              ^
/tmp/tmpye9r5pc4/student/mystring.cpp:181:10: note: Shadow variable
    auto end = std::find_if_not(strtext.rbegin(), strtext.rend(),
         ^
/tmp/tmpye9r5pc4/student/mystring.cpp:106:39: warning: Function parameter 'string' should be passed by const reference. [passedByValue]
bool MyString::startsWith(std::string string) const {
                                      ^
/tmp/tmpye9r5pc4/student/mystring.cpp:112:37: warning: Function parameter 'string' should be passed by const reference. [passedByValue]
bool MyString::endsWith(std::string string) const {
                                    ^
/tmp/tmpye9r5pc4/student/mystring.cpp:147:21: warning: Consider using std::accumulate algorithm instead of a raw loop. [useStlAlgorithm]
        totalLength += s.strtext.length();
                    ^
/tmp/tmpye9r5pc4/student/mystring.cpp:106:0: warning: The function 'startsWith' is never used. [unusedFunction]
bool MyString::startsWith(std::string string) const {
^
/tmp/tmpye9r5pc4/student/mystring.cpp:112:0: warning: The function 'endsWith' is never used. [unusedFunction]
bool MyString::endsWith(std::string string) const {
^
/tmp/tmpye9r5pc4/student/mystring.cpp:121:0: warning: The function 'getPosition' is never used. [unusedFunction]
size_t MyString::getPosition() const {
^
/tmp/tmpye9r5pc4/student/mystring.cpp:136:0: warning: The function 'join' is never used. [unusedFunction]
MyString MyString::join(const std::vector<MyString> &string) const {
^
/tmp/tmpye9r5pc4/student/mystring.cpp:164:0: warning: The function 'generateRandomWord' is never used. [unusedFunction]
MyString MyString::generateRandomWord(size_t length) {
^
/tmp/tmpye9r5pc4/student/mystring.cpp:178:0: warning: The function 'trim' is never used. [unusedFunction]
void MyString::trim() {
^
/tmp/tmpye9r5pc4/student/mystring.cpp:188:0: warning: The function 'getUniqueWords' is never used. [unusedFunction]
std::set<MyString> MyString::getUniqueWords() const {
^
/tmp/tmpye9r5pc4/student/mystring.cpp:208:0: warning: The function 'countWordsUsageIgnoringCases' is never used. [unusedFunction]
std::map<MyString, size_t> MyString::countWordsUsageIgnoringCases() const {
^
/tmp/tmpye9r5pc4/student/mystring.cpp:225:0: warning: The function 'toLower' is never used. [unusedFunction]
void MyString::toLower() {
^
