==162== Memcheck, a memory error detector
==162== Copyright (C) 2002-2017, and GNU GPL'd, by Julian Seward et al.
==162== Using Valgrind-3.18.1 and LibVEX; rerun with -h for copyright info
==162== Command: /tmp/tmpye9r5pc4/student/build//bin/tests
==162== 
Running main() from /tmp/tmpye9r5pc4/student/tests/lib/googletest/src/gtest_main.cc
[==========] Running 20 tests from 1 test suite.
[----------] Global test environment set-up.
[----------] 20 tests from MyStringTester
[ RUN      ] MyStringTester.emptyStringConstruction_expectedSizeIsZero
[       OK ] MyStringTester.emptyStringConstruction_expectedSizeIsZero (25 ms)
[ RUN      ] MyStringTester.constructionFromConstChar_expectedTextCopied
[       OK ] MyStringTester.constructionFromConstChar_expectedTextCopied (4 ms)
[ RUN      ] MyStringTester.clear_expectedEmptyStringAfterClearing
[       OK ] MyStringTester.clear_expectedEmptyStringAfterClearing (4 ms)
[ RUN      ] MyStringTester.ostreamOperator_readTextShorterThanBufferSize_expectedTextInStream
[       OK ] MyStringTester.ostreamOperator_readTextShorterThanBufferSize_expectedTextInStream (9 ms)
[ RUN      ] MyStringTester.ostreamOperator_readTextEqualToBufferSize_expectedTextInStream
[       OK ] MyStringTester.ostreamOperator_readTextEqualToBufferSize_expectedTextInStream (4 ms)
[ RUN      ] MyStringTester.ostreamOperator_readTextLongerThanBufferSize_expectedTextInStream
[       OK ] MyStringTester.ostreamOperator_readTextLongerThanBufferSize_expectedTextInStream (3 ms)
[ RUN      ] MyStringTester.indexAccessOperator_expectedPossibilityToAccesElementsWithIndex
[       OK ] MyStringTester.indexAccessOperator_expectedPossibilityToAccesElementsWithIndex (44 ms)
[ RUN      ] MyStringTester.istreamOperator_expectedTextCopiedFromStreamToString
[       OK ] MyStringTester.istreamOperator_expectedTextCopiedFromStreamToString (12 ms)
[ RUN      ] MyStringTester.trimming_expectedSpacesRemoved
[       OK ] MyStringTester.trimming_expectedSpacesRemoved (30 ms)
[ RUN      ] MyStringTester.operatorPlusEqual_expectedTextConcatenation
[       OK ] MyStringTester.operatorPlusEqual_expectedTextConcatenation (5 ms)
[ RUN      ] MyStringTester.countingUniqueWords
[       OK ] MyStringTester.countingUniqueWords (33 ms)
[ RUN      ] MyStringTester.countingWordsNumbersInText
[       OK ] MyStringTester.countingWordsNumbersInText (1938 ms)
[ RUN      ] MyStringTester.countingWordsNumbersInTextIgnoringWordCases
[       OK ] MyStringTester.countingWordsNumbersInTextIgnoringWordCases (2111 ms)
[ RUN      ] MyStringTester.wordsIntoLowerCase
[       OK ] MyStringTester.wordsIntoLowerCase (5 ms)
[ RUN      ] MyStringTester.randomWordGeneration
[       OK ] MyStringTester.randomWordGeneration (10 ms)
[ RUN      ] MyStringTester.startsWith
[       OK ] MyStringTester.startsWith (5 ms)
[ RUN      ] MyStringTester.endsWith
[       OK ] MyStringTester.endsWith (3 ms)
[ RUN      ] MyStringTester.comparingTexts
[       OK ] MyStringTester.comparingTexts (9 ms)
[ RUN      ] MyStringTester.joiningContainer
[       OK ] MyStringTester.joiningContainer (15 ms)
[ RUN      ] MyStringTester.all_of
[       OK ] MyStringTester.all_of (9 ms)
[----------] 20 tests from MyStringTester (4301 ms total)

[----------] Global test environment tear-down
[==========] 20 tests from 1 test suite ran. (4359 ms total)
[  PASSED  ] 20 tests.
==162== 
==162== HEAP SUMMARY:
==162==     in use at exit: 0 bytes in 0 blocks
==162==   total heap usage: 571,064 allocs, 571,064 frees, 61,823,299 bytes allocated
==162== 
==162== All heap blocks were freed -- no leaks are possible
==162== 
==162== For lists of detected and suppressed errors, rerun with: -s
==162== ERROR SUMMARY: 0 errors from 0 contexts (suppressed: 0 from 0)
