-- The C compiler identification is GNU 13.1.0
-- The CXX compiler identification is GNU 13.1.0
-- Detecting C compiler ABI info
-- Detecting C compiler ABI info - done
-- Check for working C compiler: /usr/bin/cc - skipped
-- Detecting C compile features
-- Detecting C compile features - done
-- Detecting CXX compiler ABI info
-- Detecting CXX compiler ABI info - done
-- Check for working CXX compiler: /usr/bin/c++ - skipped
-- Detecting CXX compile features
-- Detecting CXX compile features - done
Katalog do zbudowanego projektu: /tmp/tmpcxv2oyd7/student/build
 + Znaleziono nagłówki: /tmp/tmpcxv2oyd7/student/myList.h;/tmp/tmpcxv2oyd7/student/mySorting.h
 + Znaleziono źródła: /tmp/tmpcxv2oyd7/student/main.cpp
 + Znaleziono źródła bez main.cpp: 
	* valgrind found: /usr/bin/valgrind
	* cppcheck found: /usr/local/bin/cppcheck
-- Found Python: /tmp/tmpts81_1wd/teacher/test-venv/bin/python3 (found version "3.12.1") found components: Interpreter 
-- Looking for pthread.h
-- Looking for pthread.h - found
-- Performing Test CMAKE_HAVE_LIBC_PTHREAD
-- Performing Test CMAKE_HAVE_LIBC_PTHREAD - Success
-- Found Threads: TRUE  
 + Znaleziono pliki testów: /tmp/tmpcxv2oyd7/student/tests/MyListTests.cpp;/tmp/tmpcxv2oyd7/student/tests/MySortTests.cpp
 + katalog nagłówków: 
-- Configuring done
-- Generating done
-- Build files have been written to: /tmp/tmpcxv2oyd7/student/build
