{
  "tests": 16,
  "failures": 0,
  "disabled": 0,
  "errors": 0,
  "timestamp": "2024-05-30T08:42:57Z",
  "time": "0.001s",
  "name": "AllTests",
  "testsuites": [
    {
      "name": "MyListTester",
      "tests": 11,
      "failures": 0,
      "disabled": 0,
      "errors": 0,
      "timestamp": "2024-05-30T08:42:57Z",
      "time": "0s",
      "testsuite": [
        {
          "name": "constructorOfEmptyList_expectedSizeIs0",
          "file": "\/tmp\/tmpcxv2oyd7\/student\/tests\/MyListTests.cpp",
          "line": 45,
          "status": "RUN",
          "result": "COMPLETED",
          "timestamp": "2024-05-30T08:42:57Z",
          "time": "0s",
          "classname": "MyListTester"
        },
        {
          "name": "pushingAndPopingElementsFront_expectedSizeIncreasingAndDecreasing",
          "file": "\/tmp\/tmpcxv2oyd7\/student\/tests\/MyListTests.cpp",
          "line": 57,
          "status": "RUN",
          "result": "COMPLETED",
          "timestamp": "2024-05-30T08:42:57Z",
          "time": "0s",
          "classname": "MyListTester"
        },
        {
          "name": "pushingAndPopingElementsFront_elementsAreBeingThenAddedRemoved",
          "file": "\/tmp\/tmpcxv2oyd7\/student\/tests\/MyListTests.cpp",
          "line": 81,
          "status": "RUN",
          "result": "COMPLETED",
          "timestamp": "2024-05-30T08:42:57Z",
          "time": "0s",
          "classname": "MyListTester"
        },
        {
          "name": "nodesStoredAsUniquePtrs",
          "file": "\/tmp\/tmpcxv2oyd7\/student\/tests\/MyListTests.cpp",
          "line": 105,
          "status": "RUN",
          "result": "COMPLETED",
          "timestamp": "2024-05-30T08:42:57Z",
          "time": "0s",
          "classname": "MyListTester"
        },
        {
          "name": "popFromWhenEmptyList_expectedExceptionThrown",
          "file": "\/tmp\/tmpcxv2oyd7\/student\/tests\/MyListTests.cpp",
          "line": 121,
          "status": "RUN",
          "result": "COMPLETED",
          "timestamp": "2024-05-30T08:42:57Z",
          "time": "0s",
          "classname": "MyListTester"
        },
        {
          "name": "expectedCopyingDisabled",
          "file": "\/tmp\/tmpcxv2oyd7\/student\/tests\/MyListTests.cpp",
          "line": 143,
          "status": "RUN",
          "result": "COMPLETED",
          "timestamp": "2024-05-30T08:42:57Z",
          "time": "0s",
          "classname": "MyListTester"
        },
        {
          "name": "removingElements",
          "file": "\/tmp\/tmpcxv2oyd7\/student\/tests\/MyListTests.cpp",
          "line": 153,
          "status": "RUN",
          "result": "COMPLETED",
          "timestamp": "2024-05-30T08:42:57Z",
          "time": "0s",
          "classname": "MyListTester"
        },
        {
          "name": "iteratorOperationsWorks",
          "file": "\/tmp\/tmpcxv2oyd7\/student\/tests\/MyListTests.cpp",
          "line": 191,
          "status": "RUN",
          "result": "COMPLETED",
          "timestamp": "2024-05-30T08:42:57Z",
          "time": "0s",
          "classname": "MyListTester"
        },
        {
          "name": "iterationWorksWithRangedForLoop",
          "file": "\/tmp\/tmpcxv2oyd7\/student\/tests\/MyListTests.cpp",
          "line": 211,
          "status": "RUN",
          "result": "COMPLETED",
          "timestamp": "2024-05-30T08:42:57Z",
          "time": "0s",
          "classname": "MyListTester"
        },
        {
          "name": "iteratorWorksWithStlAlgorithms",
          "file": "\/tmp\/tmpcxv2oyd7\/student\/tests\/MyListTests.cpp",
          "line": 246,
          "status": "RUN",
          "result": "COMPLETED",
          "timestamp": "2024-05-30T08:42:57Z",
          "time": "0s",
          "classname": "MyListTester"
        },
        {
          "name": "ostreamOperator_expectedAllValuesInStream",
          "file": "\/tmp\/tmpcxv2oyd7\/student\/tests\/MyListTests.cpp",
          "line": 266,
          "status": "RUN",
          "result": "COMPLETED",
          "timestamp": "2024-05-30T08:42:57Z",
          "time": "0s",
          "classname": "MyListTester"
        }
      ]
    },
    {
      "name": "MySortTester",
      "tests": 5,
      "failures": 0,
      "disabled": 0,
      "errors": 0,
      "timestamp": "2024-05-30T08:42:57Z",
      "time": "0s",
      "testsuite": [
        {
          "name": "sortingStaticArray_expectedArraySorted",
          "file": "\/tmp\/tmpcxv2oyd7\/student\/tests\/MySortTests.cpp",
          "line": 46,
          "status": "RUN",
          "result": "COMPLETED",
          "timestamp": "2024-05-30T08:42:57Z",
          "time": "0s",
          "classname": "MySortTester"
        },
        {
          "name": "sortingStdVector_expectedContainerSorted",
          "file": "\/tmp\/tmpcxv2oyd7\/student\/tests\/MySortTests.cpp",
          "line": 63,
          "status": "RUN",
          "result": "COMPLETED",
          "timestamp": "2024-05-30T08:42:57Z",
          "time": "0s",
          "classname": "MySortTester"
        },
        {
          "name": "sortingMyList_expectedElementsInTheListSorted",
          "file": "\/tmp\/tmpcxv2oyd7\/student\/tests\/MySortTests.cpp",
          "line": 80,
          "status": "RUN",
          "result": "COMPLETED",
          "timestamp": "2024-05-30T08:42:57Z",
          "time": "0s",
          "classname": "MySortTester"
        },
        {
          "name": "sortingConstCharPtrAllUpperCases_expectedAllWordsSorted",
          "file": "\/tmp\/tmpcxv2oyd7\/student\/tests\/MySortTests.cpp",
          "line": 101,
          "status": "RUN",
          "result": "COMPLETED",
          "timestamp": "2024-05-30T08:42:57Z",
          "time": "0s",
          "classname": "MySortTester"
        },
        {
          "name": "sortingConstCharPtrIgnoreCases_expectedAllWordsSortedDespiteDifferentCases",
          "file": "\/tmp\/tmpcxv2oyd7\/student\/tests\/MySortTests.cpp",
          "line": 118,
          "status": "RUN",
          "result": "COMPLETED",
          "timestamp": "2024-05-30T08:42:57Z",
          "time": "0s",
          "classname": "MySortTester"
        }
      ]
    }
  ]
}
