==162== Memcheck, a memory error detector
==162== Copyright (C) 2002-2017, and GNU GPL'd, by Julian Seward et al.
==162== Using Valgrind-3.18.1 and LibVEX; rerun with -h for copyright info
==162== Command: /tmp/tmpcxv2oyd7/student/build//bin/tests
==162== 
Running main() from /tmp/tmpcxv2oyd7/student/tests/lib/googletest/src/gtest_main.cc
[==========] Running 16 tests from 2 test suites.
[----------] Global test environment set-up.
[----------] 11 tests from MyListTester
[ RUN      ] MyListTester.constructorOfEmptyList_expectedSizeIs0
[       OK ] MyListTester.constructorOfEmptyList_expectedSizeIs0 (18 ms)
[ RUN      ] MyListTester.pushingAndPopingElementsFront_expectedSizeIncreasingAndDecreasing
[       OK ] MyListTester.pushingAndPopingElementsFront_expectedSizeIncreasingAndDecreasing (19 ms)
[ RUN      ] MyListTester.pushingAndPopingElementsFront_elementsAreBeingThenAddedRemoved
[       OK ] MyListTester.pushingAndPopingElementsFront_elementsAreBeingThenAddedRemoved (5 ms)
[ RUN      ] MyListTester.nodesStoredAsUniquePtrs
[       OK ] MyListTester.nodesStoredAsUniquePtrs (8 ms)
[ RUN      ] MyListTester.popFromWhenEmptyList_expectedExceptionThrown
[       OK ] MyListTester.popFromWhenEmptyList_expectedExceptionThrown (37 ms)
[ RUN      ] MyListTester.expectedCopyingDisabled
[       OK ] MyListTester.expectedCopyingDisabled (1 ms)
[ RUN      ] MyListTester.removingElements
[       OK ] MyListTester.removingElements (25 ms)
[ RUN      ] MyListTester.iteratorOperationsWorks
[       OK ] MyListTester.iteratorOperationsWorks (4 ms)
[ RUN      ] MyListTester.iterationWorksWithRangedForLoop
[       OK ] MyListTester.iterationWorksWithRangedForLoop (20 ms)
[ RUN      ] MyListTester.iteratorWorksWithStlAlgorithms
[       OK ] MyListTester.iteratorWorksWithStlAlgorithms (15 ms)
[ RUN      ] MyListTester.ostreamOperator_expectedAllValuesInStream
[       OK ] MyListTester.ostreamOperator_expectedAllValuesInStream (12 ms)
[----------] 11 tests from MyListTester (180 ms total)

[----------] 5 tests from MySortTester
[ RUN      ] MySortTester.sortingStaticArray_expectedArraySorted
[       OK ] MySortTester.sortingStaticArray_expectedArraySorted (10 ms)
[ RUN      ] MySortTester.sortingStdVector_expectedContainerSorted
[       OK ] MySortTester.sortingStdVector_expectedContainerSorted (12 ms)
[ RUN      ] MySortTester.sortingMyList_expectedElementsInTheListSorted
[       OK ] MySortTester.sortingMyList_expectedElementsInTheListSorted (10 ms)
[ RUN      ] MySortTester.sortingConstCharPtrAllUpperCases_expectedAllWordsSorted
[       OK ] MySortTester.sortingConstCharPtrAllUpperCases_expectedAllWordsSorted (12 ms)
[ RUN      ] MySortTester.sortingConstCharPtrIgnoreCases_expectedAllWordsSortedDespiteDifferentCases
[       OK ] MySortTester.sortingConstCharPtrIgnoreCases_expectedAllWordsSortedDespiteDifferentCases (4 ms)
[----------] 5 tests from MySortTester (57 ms total)

[----------] Global test environment tear-down
[==========] 16 tests from 2 test suites ran. (287 ms total)
[  PASSED  ] 16 tests.
==162== 
==162== HEAP SUMMARY:
==162==     in use at exit: 0 bytes in 0 blocks
==162==   total heap usage: 674 allocs, 674 frees, 145,568 bytes allocated
==162== 
==162== All heap blocks were freed -- no leaks are possible
==162== 
==162== For lists of detected and suppressed errors, rerun with: -s
==162== ERROR SUMMARY: 0 errors from 0 contexts (suppressed: 0 from 0)
